2025-12-03 11:06:00,031 - PIL.Image - DEBUG - Importing AvifImagePlugin
2025-12-03 11:06:00,032 - PIL.Image - DEBUG - Importing BlpImagePlugin
2025-12-03 11:06:00,033 - PIL.Image - DEBUG - Importing BmpImagePlugin
2025-12-03 11:06:00,033 - PIL.Image - DEBUG - Importing BufrStubImagePlugin
2025-12-03 11:06:00,034 - PIL.Image - DEBUG - Importing CurImagePlugin
2025-12-03 11:06:00,034 - PIL.Image - DEBUG - Importing DcxImagePlugin
2025-12-03 11:06:00,035 - PIL.Image - DEBUG - Importing DdsImagePlugin
2025-12-03 11:06:00,038 - PIL.Image - DEBUG - Importing EpsImagePlugin
2025-12-03 11:06:00,038 - PIL.Image - DEBUG - Importing FitsImagePlugin
2025-12-03 11:06:00,039 - PIL.Image - DEBUG - Importing FliImagePlugin
2025-12-03 11:06:00,039 - PIL.Image - DEBUG - Importing FpxImagePlugin
2025-12-03 11:06:00,040 - PIL.Image - DEBUG - Image: failed to import FpxImagePlugin: No module named 'olefile'
2025-12-03 11:06:00,040 - PIL.Image - DEBUG - Importing FtexImagePlugin
2025-12-03 11:06:00,040 - PIL.Image - DEBUG - Importing GbrImagePlugin
2025-12-03 11:06:00,041 - PIL.Image - DEBUG - Importing GifImagePlugin
2025-12-03 11:06:00,042 - PIL.Image - DEBUG - Importing GribStubImagePlugin
2025-12-03 11:06:00,042 - PIL.Image - DEBUG - Importing Hdf5StubImagePlugin
2025-12-03 11:06:00,043 - PIL.Image - DEBUG - Importing IcnsImagePlugin
2025-12-03 11:06:00,044 - PIL.Image - DEBUG - Importing IcoImagePlugin
2025-12-03 11:06:00,045 - PIL.Image - DEBUG - Importing ImImagePlugin
2025-12-03 11:06:00,045 - PIL.Image - DEBUG - Importing ImtImagePlugin
2025-12-03 11:06:00,046 - PIL.Image - DEBUG - Importing IptcImagePlugin
2025-12-03 11:06:00,046 - PIL.Image - DEBUG - Importing JpegImagePlugin
2025-12-03 11:06:00,047 - PIL.Image - DEBUG - Importing Jpeg2KImagePlugin
2025-12-03 11:06:00,047 - PIL.Image - DEBUG - Importing McIdasImagePlugin
2025-12-03 11:06:00,047 - PIL.Image - DEBUG - Importing MicImagePlugin
2025-12-03 11:06:00,048 - PIL.Image - DEBUG - Image: failed to import MicImagePlugin: No module named 'olefile'
2025-12-03 11:06:00,049 - PIL.Image - DEBUG - Importing MpegImagePlugin
2025-12-03 11:06:00,050 - PIL.Image - DEBUG - Importing MpoImagePlugin
2025-12-03 11:06:00,052 - PIL.Image - DEBUG - Importing MspImagePlugin
2025-12-03 11:06:00,053 - PIL.Image - DEBUG - Importing PalmImagePlugin
2025-12-03 11:06:00,054 - PIL.Image - DEBUG - Importing PcdImagePlugin
2025-12-03 11:06:00,055 - PIL.Image - DEBUG - Importing PcxImagePlugin
2025-12-03 11:06:00,055 - PIL.Image - DEBUG - Importing PdfImagePlugin
2025-12-03 11:06:00,062 - PIL.Image - DEBUG - Importing PixarImagePlugin
2025-12-03 11:06:00,062 - PIL.Image - DEBUG - Importing PngImagePlugin
2025-12-03 11:06:00,063 - PIL.Image - DEBUG - Importing PpmImagePlugin
2025-12-03 11:06:00,063 - PIL.Image - DEBUG - Importing PsdImagePlugin
2025-12-03 11:06:00,064 - PIL.Image - DEBUG - Importing QoiImagePlugin
2025-12-03 11:06:00,065 - PIL.Image - DEBUG - Importing SgiImagePlugin
2025-12-03 11:06:00,065 - PIL.Image - DEBUG - Importing SpiderImagePlugin
2025-12-03 11:06:00,066 - PIL.Image - DEBUG - Importing SunImagePlugin
2025-12-03 11:06:00,066 - PIL.Image - DEBUG - Importing TgaImagePlugin
2025-12-03 11:06:00,067 - PIL.Image - DEBUG - Importing TiffImagePlugin
2025-12-03 11:06:00,067 - PIL.Image - DEBUG - Importing WebPImagePlugin
2025-12-03 11:06:00,068 - PIL.Image - DEBUG - Importing WmfImagePlugin
2025-12-03 11:06:00,069 - PIL.Image - DEBUG - Importing XbmImagePlugin
2025-12-03 11:06:00,070 - PIL.Image - DEBUG - Importing XpmImagePlugin
2025-12-03 11:06:00,070 - PIL.Image - DEBUG - Importing XVThumbImagePlugin
2025-12-03 11:06:01,837 - tutor_virtual.presentation.gradio_adapter - INFO - Mouser adapter initialized successfully
2025-12-03 11:06:01,839 - asyncio - DEBUG - Using selector: EpollSelector
2025-12-03 11:06:01,840 - asyncio - DEBUG - Using selector: EpollSelector
2025-12-03 11:06:01,841 - asyncio - DEBUG - Using selector: EpollSelector
2025-12-03 11:06:01,841 - asyncio - DEBUG - Using selector: EpollSelector
2025-12-03 11:06:01,900 - httpcore.connection - DEBUG - connect_tcp.started host='huggingface.co' port=443 local_address=None timeout=10 socket_options=None
2025-12-03 11:06:01,907 - httpcore.connection - DEBUG - connect_tcp.started host='api.gradio.app' port=443 local_address=None timeout=3 socket_options=None
2025-12-03 11:06:02,028 - asyncio - DEBUG - Using selector: EpollSelector
2025-12-03 11:06:02,029 - asyncio - DEBUG - Using selector: EpollSelector
2025-12-03 11:06:02,115 - httpcore.connection - DEBUG - connect_tcp.complete return_value=<httpcore._backends.sync.SyncStream object at 0x7f6cc1947650>
2025-12-03 11:06:02,117 - httpcore.connection - DEBUG - start_tls.started ssl_context=<ssl.SSLContext object at 0x7f6cc2c2ff50> server_hostname='huggingface.co' timeout=10
2025-12-03 11:06:02,125 - asyncio - DEBUG - Using selector: EpollSelector
2025-12-03 11:06:02,125 - asyncio - DEBUG - Using selector: EpollSelector
2025-12-03 11:06:02,199 - httpcore.connection - DEBUG - start_tls.complete return_value=<httpcore._backends.sync.SyncStream object at 0x7f6cc187ac10>
2025-12-03 11:06:02,205 - httpcore.http11 - DEBUG - send_request_headers.started request=<Request [b'HEAD']>
2025-12-03 11:06:02,219 - httpcore.http11 - DEBUG - send_request_headers.complete
2025-12-03 11:06:02,222 - httpcore.http11 - DEBUG - send_request_body.started request=<Request [b'HEAD']>
2025-12-03 11:06:02,223 - httpcore.http11 - DEBUG - send_request_body.complete
2025-12-03 11:06:02,223 - httpcore.http11 - DEBUG - receive_response_headers.started request=<Request [b'HEAD']>
